<?xml version="1.0" encoding="UTF-8"?>
<!-- Generated by org.testng.reporters.JUnitXMLReporter -->
<testsuite hostname="L-P-MOSHEBN-WW" ignored="0" name="test" tests="4" failures="0" timestamp="2022-11-28T09:06:19 IST" time="12.931" errors="0">
  <testcase name="test01" time="1.183" classname="sanity.SaucedemoWeb"/>
  <testcase name="test02" time="0.562" classname="sanity.SaucedemoWeb"/>
  <testcase name="test03" time="0.805" classname="sanity.SaucedemoWeb"/>
  <testcase name="test04" time="1.654" classname="sanity.SaucedemoWeb"/>
</testsuite> <!-- test -->
