<?xml version="1.0" encoding="UTF-8"?>
<!-- Generated by org.testng.reporters.JUnitXMLReporter -->
<testsuite hostname="L-P-MOSHEBN-WW" ignored="0" name="test" tests="4" failures="0" timestamp="2022-11-27T16:40:37 IST" time="13.699" errors="0">
  <testcase name="test01" time="1.133" classname="sanity.SaucedemoWeb"/>
  <testcase name="test02" time="0.583" classname="sanity.SaucedemoWeb"/>
  <testcase name="test03" time="0.952" classname="sanity.SaucedemoWeb"/>
  <testcase name="test04" time="1.691" classname="sanity.SaucedemoWeb"/>
</testsuite> <!-- test -->
