<?xml version="1.0" encoding="UTF-8"?>
<testsuite xmlns:xsi="http://www.w3.org/2001/XMLSchema-instance" xsi:noNamespaceSchemaLocation="https://maven.apache.org/surefire/maven-surefire-plugin/xsd/surefire-test-report.xsd" name="TestSuite" time="15.338" tests="4" errors="0" skipped="0" failures="0">
  <properties>
[...]
</properties>
  <testcase name="test01" classname="sanity.SaucedemoWeb" time="1.171"/>
  <testcase name="test02" classname="sanity.SaucedemoWeb" time="0.869"/>
  <testcase name="test03" classname="sanity.SaucedemoWeb" time="1.049"/>
  <testcase name="test04" classname="sanity.SaucedemoWeb" time="1.768"/>
</testsuite>